<?xml version="1.0" encoding="UTF-8"?>
<!-- Generated by org.testng.reporters.JUnitReportReporter -->
<testsuite skipped="0" hostname="DESKTOP-TBD4149" name="com.inetBankingV1.testCases.TC_LoginTest_001" tests="1" failures="0" timestamp="13 Nov 2019 02:02:35 GMT" time="2.174" errors="0">
  <testcase name="loginTest" time="2.174" classname="com.inetBankingV1.testCases.TC_LoginTest_001"/>
</testsuite> <!-- com.inetBankingV1.testCases.TC_LoginTest_001 -->
